<?xml version="1.0" encoding="UTF-8"?>
<!-- Generated by org.testng.reporters.JUnitReportReporter -->
<testsuite hostname="PC201601111454" name="com.xbwq.TestCase.TesNGExample" tests="3" failures="0" timestamp="31 May 2016 05:54:26 GMT" time="0.008" errors="0">
  <testcase name="testCase03" time="0.000" classname="com.xbwq.TestCase.TesNGExample"/>
  <testcase name="testCase01" time="0.006" classname="com.xbwq.TestCase.TesNGExample"/>
  <testcase name="testCase02" time="0.002" classname="com.xbwq.TestCase.TesNGExample"/>
</testsuite> <!-- com.xbwq.TestCase.TesNGExample -->
