<?xml version="1.0" encoding="UTF-8"?>
<!-- Generated by org.testng.reporters.JUnitReportReporter -->
<testsuite hostname="PC201601111454" name="com.xbwq.TestCase.PhotoReport" tests="2" failures="0" timestamp="25 Oct 2016 07:18:34 GMT" time="113.756" errors="0">
  <testcase name="addPhotoReport" time="38.788" classname="com.xbwq.TestCase.PhotoReport"/>
  <testcase name="photoReportCaoGao" time="74.968" classname="com.xbwq.TestCase.PhotoReport"/>
</testsuite> <!-- com.xbwq.TestCase.PhotoReport -->
