<?xml version="1.0" encoding="UTF-8"?>
<!-- Generated by org.testng.reporters.JUnitReportReporter -->
<testsuite hostname="PC201601111454" name="com.xbwq.TestCase.PhotoReport" tests="2" failures="1" timestamp="1 Sep 2016 09:46:28 GMT" time="67.183" errors="0">
  <testcase name="photoReportCaoGao" time="46.037" classname="com.xbwq.TestCase.PhotoReport"/>
  <testcase name="addPhotoReport" time="21.146" classname="com.xbwq.TestCase.PhotoReport">
    <failure type="org.openqa.selenium.WebDriverException" message="An unknown server-side error occurred while processing the command. (WARNING: The server did not provide any stacktrace information)
Command duration or timeout: 13.57 seconds
Build info: version: &#039;2.43.1&#039;, revision: &#039;5163bce&#039;, time: &#039;2014-09-10 16:27:58&#039;
System info: host: &#039;PC201601111454&#039;, ip: &#039;192.168.60.118&#039;, os.name: &#039;Windows 7&#039;, os.arch: &#039;amd64&#039;, os.version: &#039;6.1&#039;, java.version: &#039;1.7.0_13&#039;
Session ID: 27a1f02d-1fc7-41c6-bcf8-fb274239a079
Driver info: io.appium.java_client.android.AndroidDriver
Capabilities [{platform=LINUX, javascriptEnabled=true, appActivity=com.xbcx.waiqing.activity.StartActivity, browserName=, networkConnectionEnabled=true, desired={platformVersion=4.3, deviceName=android, platformName=Android, appActivity=com.xbcx.waiqing.activity.StartActivity, browserName=, unicodeKeyboard=true, resetKeyboard=true, appPackage=com.xbcx.waiqing}, locationContextEnabled=false, appPackage=com.xbcx.waiqing, platformVersion=5.1.1, databaseEnabled=false, platformName=Android, deviceName=9STWGYKN99999999, webStorageEnabled=false, unicodeKeyboard=true, resetKeyboard=true, warnings={}, takesScreenshot=true}]">
      <![CDATA[org.openqa.selenium.WebDriverException: An unknown server-side error occurred while processing the command. (WARNING: The server did not provide any stacktrace information)
Command duration or timeout: 13.57 seconds
Build info: version: '2.43.1', revision: '5163bce', time: '2014-09-10 16:27:58'
System info: host: 'PC201601111454', ip: '192.168.60.118', os.name: 'Windows 7', os.arch: 'amd64', os.version: '6.1', java.version: '1.7.0_13'
Session ID: 27a1f02d-1fc7-41c6-bcf8-fb274239a079
Driver info: io.appium.java_client.android.AndroidDriver
Capabilities [{platform=LINUX, javascriptEnabled=true, appActivity=com.xbcx.waiqing.activity.StartActivity, browserName=, networkConnectionEnabled=true, desired={platformVersion=4.3, deviceName=android, platformName=Android, appActivity=com.xbcx.waiqing.activity.StartActivity, browserName=, unicodeKeyboard=true, resetKeyboard=true, appPackage=com.xbcx.waiqing}, locationContextEnabled=false, appPackage=com.xbcx.waiqing, platformVersion=5.1.1, databaseEnabled=false, platformName=Android, deviceName=9STWGYKN99999999, webStorageEnabled=false, unicodeKeyboard=true, resetKeyboard=true, warnings={}, takesScreenshot=true}]
	at sun.reflect.NativeConstructorAccessorImpl.newInstance0(Native Method)
	at sun.reflect.NativeConstructorAccessorImpl.newInstance(NativeConstructorAccessorImpl.java:57)
	at sun.reflect.DelegatingConstructorAccessorImpl.newInstance(DelegatingConstructorAccessorImpl.java:45)
	at java.lang.reflect.Constructor.newInstance(Constructor.java:525)
	at org.openqa.selenium.remote.ErrorHandler.createThrowable(ErrorHandler.java:204)
	at org.openqa.selenium.remote.ErrorHandler.throwIfResponseFailed(ErrorHandler.java:156)
	at org.openqa.selenium.remote.RemoteWebDriver.execute(RemoteWebDriver.java:599)
	at io.appium.java_client.AppiumDriver.execute(AppiumDriver.java:180)
	at org.openqa.selenium.remote.RemoteWebElement.execute(RemoteWebElement.java:268)
	at org.openqa.selenium.remote.RemoteWebElement.clear(RemoteWebElement.java:113)
	at com.xbwq.Pages.BasePage.clear(BasePage.java:108)
	at com.xbwq.TestCase.PhotoReport.addPhotoReport(PhotoReport.java:65)
	at sun.reflect.NativeMethodAccessorImpl.invoke0(Native Method)
	at sun.reflect.NativeMethodAccessorImpl.invoke(NativeMethodAccessorImpl.java:57)
	at sun.reflect.DelegatingMethodAccessorImpl.invoke(DelegatingMethodAccessorImpl.java:43)
	at java.lang.reflect.Method.invoke(Method.java:601)
	at org.testng.internal.MethodInvocationHelper.invokeMethod(MethodInvocationHelper.java:84)
	at org.testng.internal.Invoker.invokeMethod(Invoker.java:714)
	at org.testng.internal.Invoker.invokeTestMethod(Invoker.java:901)
	at org.testng.internal.Invoker.invokeTestMethods(Invoker.java:1231)
	at org.testng.internal.TestMethodWorker.invokeTestMethods(TestMethodWorker.java:127)
	at org.testng.internal.TestMethodWorker.run(TestMethodWorker.java:111)
	at org.testng.TestRunner.privateRun(TestRunner.java:767)
	at org.testng.TestRunner.run(TestRunner.java:617)
	at org.testng.SuiteRunner.runTest(SuiteRunner.java:334)
	at org.testng.SuiteRunner.runSequentially(SuiteRunner.java:329)
	at org.testng.SuiteRunner.privateRun(SuiteRunner.java:291)
	at org.testng.SuiteRunner.run(SuiteRunner.java:240)
	at org.testng.SuiteRunnerWorker.runSuite(SuiteRunnerWorker.java:52)
	at org.testng.SuiteRunnerWorker.run(SuiteRunnerWorker.java:86)
	at org.testng.TestNG.runSuitesSequentially(TestNG.java:1224)
	at org.testng.TestNG.runSuitesLocally(TestNG.java:1149)
	at org.testng.TestNG.run(TestNG.java:1057)
	at org.testng.remote.RemoteTestNG.run(RemoteTestNG.java:111)
	at org.testng.remote.RemoteTestNG.initAndRun(RemoteTestNG.java:204)
	at org.testng.remote.RemoteTestNG.main(RemoteTestNG.java:175)
]]>
    </failure>
  </testcase> <!-- addPhotoReport -->
</testsuite> <!-- com.xbwq.TestCase.PhotoReport -->
