<?xml version="1.0" encoding="UTF-8"?>
<!-- Generated by org.testng.reporters.JUnitReportReporter -->
<testsuite hostname="PC201601111454" name="xbwq.testCase.xbwqTestCase" tests="2" failures="0" timestamp="20 May 2016 06:41:41 GMT" time="42.106" errors="0">
  <testcase name="photoReporter" time="16.009" classname="xbwq.testCase.xbwqTestCase"/>
  <testcase name="photoReport" time="26.097" classname="xbwq.testCase.xbwqTestCase"/>
</testsuite> <!-- xbwq.testCase.xbwqTestCase -->
